<?xml version="1.0" encoding="UTF-8"?>
<!-- Generated by org.testng.reporters.JUnitReportReporter -->
<testsuite hostname="DESKTOP-6NS0LUE" failures="0" tests="1" name="Test.APITest" time="2.808" errors="0" timestamp="2023-02-15T10:27:53 EST" skipped="0">
  <testcase classname="Test.APITest" name="apiCall" time="2.808"/>
  <system-out/>
</testsuite> <!-- Test.APITest -->
