<?xml version="1.0" encoding="UTF-8"?>
<!-- Generated by org.testng.reporters.JUnitReportReporter -->
<testsuite hostname="DESKTOP-6NS0LUE" failures="0" tests="1" name="Test.sample" time="5.134" errors="0" timestamp="2023-02-15T13:29:39 EST" skipped="0">
  <testcase classname="Test.sample" name="Test" time="5.134"/>
  <system-out/>
</testsuite> <!-- Test.sample -->
