<?xml version="1.0" encoding="UTF-8"?>
<!-- Generated by org.testng.reporters.JUnitReportReporter -->
<testsuite hostname="DESKTOP-6NS0LUE" failures="0" tests="1" name="Test.ValidationTest" time="5.507" errors="0" timestamp="2023-02-02T13:50:32 EST" skipped="0">
  <testcase classname="Test.ValidationTest" name="Test" time="5.507"/>
  <system-out/>
</testsuite> <!-- Test.ValidationTest -->
