<?xml version="1.0" encoding="UTF-8"?>
<!-- Generated by org.testng.reporters.JUnitReportReporter -->
<testsuite hostname="DESKTOP-6NS0LUE" failures="0" tests="1" name="Test.TryCatch" time="4.210" errors="0" timestamp="2023-02-15T11:10:54 EST" skipped="0">
  <testcase classname="Test.TryCatch" name="apiCall" time="4.210"/>
  <system-out/>
</testsuite> <!-- Test.TryCatch -->
