<?xml version="1.0" encoding="UTF-8"?>
<!-- Generated by org.testng.reporters.JUnitReportReporter -->
<testsuite hostname="DESKTOP-6NS0LUE" failures="0" tests="1" name="demo.APIProejctUsingTestng.ValidationTest" time="4.829" errors="0" timestamp="2023-02-02T11:30:46 EST" skipped="0">
  <testcase classname="demo.APIProejctUsingTestng.ValidationTest" name="Test" time="4.829"/>
  <system-out/>
</testsuite> <!-- demo.APIProejctUsingTestng.ValidationTest -->
